1655919930430	geckodriver	INFO	Listening on 127.0.0.1:56989
1655919930650	mozrunner::runner	INFO	Running command: "/Applications/Firefox.app/Contents/MacOS/firefox-bin" "--marionette" "--remote-debugging-port" "56990" "--remote-allow-hosts" "localhost" "-foreground" "-no-remote" "-profile" "/var/folders/wv/92383mtd4nlbpv56sj0xnv0m0000gn/T/rust_mozprofileczBIiy"
1655919931476	Marionette	INFO	Marionette enabled
2022-06-22 20:45:31.509 plugin-container[44887:1292136] nil host used in call to allowsSpecificHTTPSCertificateForHost
2022-06-22 20:45:31.510 plugin-container[44887:1292136] nil host used in call to allowsAnyHTTPSCertificateForHost:
WebDriver BiDi listening on ws://localhost:56990
2022-06-22 20:45:31.629 plugin-container[44887:1292136] nil host used in call to allowsSpecificHTTPSCertificateForHost
2022-06-22 20:45:31.629 plugin-container[44887:1292136] nil host used in call to allowsAnyHTTPSCertificateForHost:
2022-06-22 20:45:31.630 plugin-container[44887:1292159] nil host used in call to allowsSpecificHTTPSCertificateForHost
2022-06-22 20:45:31.630 plugin-container[44887:1292159] nil host used in call to allowsAnyHTTPSCertificateForHost:
console.warn: SearchSettings: "get: No settings file exists, new profile?" (new NotFoundError("Could not open the file at /var/folders/wv/92383mtd4nlbpv56sj0xnv0m0000gn/T/rust_mozprofileczBIiy/search.json.mozlz4", (void 0)))
console.error: BackgroundUpdate: 
  _reasonsToNotScheduleUpdates: Failed to check for Maintenance Service Registry Key: [Exception... "Component returned failure code: 0x80004001 (NS_ERROR_NOT_IMPLEMENTED) [nsIUpdateProcessor.getServiceRegKeyExists]"  nsresult: "0x80004001 (NS_ERROR_NOT_IMPLEMENTED)"  location: "JS frame :: resource://gre/modules/BackgroundUpdate.jsm :: _reasonsToNotScheduleUpdates :: line 241"  data: no]
1655919932837	Marionette	INFO	Listening on port 57017
DevTools listening on ws://localhost:56990/devtools/browser/2c3d2e80-3089-40bc-9c0c-695b91488fd6
Read port: 57017
1655919932948	RemoteAgent	WARN	TLS certificate errors will be ignored for this session
UNSUPPORTED (log once): POSSIBLE ISSUE: unit 1 GLD_TEXTURE_INDEX_2D is unloadable and bound to sampler type (Float) - using zero texture because texture unloadable
JavaScript warning: https://tags.tiqcdn.com/utag/pvh/ck-b2c-us/prod/utag.sync.js, line 7: WEBGL_debug_renderer_info is deprecated in Firefox and will be removed. Please use RENDERER.
JavaScript warning: https://03aa881627a1.cdn4.forter.com/sn/03aa881627a1/script.js, line 1: WEBGL_debug_renderer_info is deprecated in Firefox and will be removed. Please use RENDERER.
console.warn: LoginRecipes: "getRecipes: falling back to a synchronous message for:" "https://www.calvinklein.us"
console.warn: LoginRecipes: "getRecipes: falling back to a synchronous message for:" "https://www.calvinklein.us"
console.warn: LoginRecipes: "getRecipes: falling back to a synchronous message for:" "https://tr.snapchat.com"
JavaScript error: https://tags.tiqcdn.com/utag/pvh/ck-b2c-us/prod/utag.js?ver=B2C-V8-2022-Deploy-04.1-1, line 186: TypeError: this.text is undefined
JavaScript error: https://tags.tiqcdn.com/utag/pvh/ck-b2c-us/prod/utag.js?ver=B2C-V8-2022-Deploy-04.1-1, line 186: TypeError: this.text is undefined
1655919948901	Marionette	WARN	Ignoring event 'pageshow' because document has an invalid readyState of 'interactive'.
1655919948904	Marionette	WARN	Ignoring event 'pageshow' because document has an invalid readyState of 'interactive'.
1655919948906	Marionette	WARN	Ignoring event 'pageshow' because document has an invalid readyState of 'interactive'.
1655919948907	Marionette	WARN	Ignoring event 'pageshow' because document has an invalid readyState of 'interactive'.
1655919948912	Marionette	WARN	Ignoring event 'pageshow' because document has an invalid readyState of 'interactive'.
1655919948915	Marionette	WARN	Ignoring event 'pageshow' because document has an invalid readyState of 'interactive'.
1655919948917	Marionette	WARN	Ignoring event 'pageshow' because document has an invalid readyState of 'interactive'.
1655919948918	Marionette	WARN	Ignoring event 'pageshow' because document has an invalid readyState of 'interactive'.
1655919948920	Marionette	WARN	Ignoring event 'pageshow' because document has an invalid readyState of 'interactive'.
1655919948921	Marionette	WARN	Ignoring event 'pageshow' because document has an invalid readyState of 'interactive'.
1655919953890	Marionette	INFO	Stopped listening on port 57017

###!!! [Child][PContentChild] Error: RunMessage(msgname=PHttpChannel::Msg_DeleteSelf) Channel closing: too late to send/recv, messages will be lost


###!!! [Child][PContentChild] Error: RunMessage(msgname=PHttpChannel::Msg_DeleteSelf) Channel closing: too late to send/recv, messages will be lost


###!!! [Parent][PImageBridgeParent] Error: RunMessage(msgname=PImageBridge::Msg_WillClose) Channel closing: too late to send/recv, messages will be lost

